{
  "stats": {
    "suites": 1,
    "tests": 5,
    "passes": 4,
    "pending": 0,
    "failures": 1,
    "start": "2025-05-22T18:28:56.241Z",
    "end": "2025-05-22T18:29:05.478Z",
    "duration": 9237,
    "testsRegistered": 5,
    "passPercent": 80,
    "pendingPercent": 0,
    "other": 0,
    "hasOther": false,
    "skipped": 0,
    "hasSkipped": false
  },
  "results": [
    {
      "uuid": "4a2a7c9f-d1a1-40d8-9e94-4890933f459b",
      "title": "",
      "fullFile": "cypress\\e2e\\login.cy.ts",
      "file": "cypress\\e2e\\login.cy.ts",
      "beforeHooks": [],
      "afterHooks": [],
      "tests": [],
      "suites": [
        {
          "uuid": "846c4d4e-fa94-414c-a205-f98bed6c2cfd",
          "title": "Página de Inicio de Sesión",
          "fullFile": "",
          "file": "",
          "beforeHooks": [],
          "afterHooks": [],
          "tests": [
            {
              "title": "debería mostrar el formulario de login",
              "fullTitle": "Página de Inicio de Sesión debería mostrar el formulario de login",
              "timedOut": null,
              "duration": 1115,
              "state": "passed",
              "speed": "fast",
              "pass": true,
              "fail": false,
              "pending": false,
              "context": null,
              "code": "cy.get('h2').contains('Iniciar Sesión');\ncy.get('input#username').should('exist');\ncy.get('input#password').should('exist');\ncy.get('button[type=\"submit\"]').should('exist');",
              "err": {},
              "uuid": "10de9796-6f67-48a9-9879-0171f7a01a2b",
              "parentUUID": "846c4d4e-fa94-414c-a205-f98bed6c2cfd",
              "isHook": false,
              "skipped": false
            },
            {
              "title": "debería validar campos vacíos",
              "fullTitle": "Página de Inicio de Sesión debería validar campos vacíos",
              "timedOut": null,
              "duration": 4416,
              "state": "failed",
              "speed": null,
              "pass": false,
              "fail": true,
              "pending": false,
              "context": null,
              "code": "cy.get('button[type=\"submit\"]').click();\ncy.get('.text-danger').should('exist');",
              "err": {
                "message": "CypressError: Timed out retrying after 4050ms: `cy.click()` failed because this element is `disabled`:\n\n`<button _ngcontent-ng-c1888181801=\"\" type=\"submit\" class=\"btn btn-primary w-100 button\" disabled=\"\">Ingresar</button>`\n\nFix this problem, or use `{force: true}` to disable error checking.\n\nhttps://on.cypress.io/element-cannot-be-interacted-with",
                "estack": "CypressError: Timed out retrying after 4050ms: `cy.click()` failed because this element is `disabled`:\n\n`<button _ngcontent-ng-c1888181801=\"\" type=\"submit\" class=\"btn btn-primary w-100 button\" disabled=\"\">Ingresar</button>`\n\nFix this problem, or use `{force: true}` to disable error checking.\n\nhttps://on.cypress.io/element-cannot-be-interacted-with\n    at Object.isNotDisabled (http://localhost:4200/__cypress/runner/cypress_runner.js:146985:58)\n    at runAllChecks (http://localhost:4200/__cypress/runner/cypress_runner.js:113392:26)\n    at retryActionability (http://localhost:4200/__cypress/runner/cypress_runner.js:113481:16)\n    at tryCatcher (http://localhost:4200/__cypress/runner/cypress_runner.js:1777:23)\n    at Promise.attempt.Promise.try (http://localhost:4200/__cypress/runner/cypress_runner.js:4285:29)\n    at whenStable (http://localhost:4200/__cypress/runner/cypress_runner.js:145846:68)\n    at <unknown> (http://localhost:4200/__cypress/runner/cypress_runner.js:145787:14)\n    at tryCatcher (http://localhost:4200/__cypress/runner/cypress_runner.js:1777:23)\n    at Promise._settlePromiseFromHandler (http://localhost:4200/__cypress/runner/cypress_runner.js:1489:31)\n    at Promise._settlePromise (http://localhost:4200/__cypress/runner/cypress_runner.js:1546:18)\n    at Promise._settlePromise0 (http://localhost:4200/__cypress/runner/cypress_runner.js:1591:10)\n    at Promise._settlePromises (http://localhost:4200/__cypress/runner/cypress_runner.js:1671:18)\n    at Promise._fulfill (http://localhost:4200/__cypress/runner/cypress_runner.js:1615:18)\n    at <unknown> (http://localhost:4200/__cypress/runner/cypress_runner.js:5420:46)\nFrom Your Spec Code:\n    at Context.eval (webpack://cpp-frontend/./cypress/e2e/login.cy.ts:17:38)",
                "diff": null
              },
              "uuid": "626b9daa-ba8d-41c0-96d6-9d94aa083ec4",
              "parentUUID": "846c4d4e-fa94-414c-a205-f98bed6c2cfd",
              "isHook": false,
              "skipped": false
            },
            {
              "title": "debería hacer login exitoso con credenciales válidas",
              "fullTitle": "Página de Inicio de Sesión debería hacer login exitoso con credenciales válidas",
              "timedOut": null,
              "duration": 1556,
              "state": "passed",
              "speed": "fast",
              "pass": true,
              "fail": false,
              "pending": false,
              "context": null,
              "code": "cy.get('#username').type(usuarioValido);\ncy.get('#password').type(contrasenaValida);\ncy.get('button[type=\"submit\"]').click();\n// Cambia esto según la ruta a la que redirige tu login\ncy.url().should('include', '/inicio');",
              "err": {},
              "uuid": "4c87a13d-60fe-4105-bd63-4ecda6477dd6",
              "parentUUID": "846c4d4e-fa94-414c-a205-f98bed6c2cfd",
              "isHook": false,
              "skipped": false
            },
            {
              "title": "debería mostrar mensaje de error con credenciales inválidas",
              "fullTitle": "Página de Inicio de Sesión debería mostrar mensaje de error con credenciales inválidas",
              "timedOut": null,
              "duration": 1115,
              "state": "passed",
              "speed": "fast",
              "pass": true,
              "fail": false,
              "pending": false,
              "context": null,
              "code": "cy.get('#username').type('incorrecto@test.com');\ncy.get('#password').type('wrongpassword');\ncy.get('button[type=\"submit\"]').click();\ncy.get('.alert-danger').should('contain', 'Usuario no encontrado'); // o el mensaje que uses",
              "err": {},
              "uuid": "06a70ee2-63e6-4132-a8c4-601c6d11e19e",
              "parentUUID": "846c4d4e-fa94-414c-a205-f98bed6c2cfd",
              "isHook": false,
              "skipped": false
            },
            {
              "title": "debería mostrar mensaje de error con credenciales inválidas",
              "fullTitle": "Página de Inicio de Sesión debería mostrar mensaje de error con credenciales inválidas",
              "timedOut": null,
              "duration": 787,
              "state": "passed",
              "speed": "fast",
              "pass": true,
              "fail": false,
              "pending": false,
              "context": null,
              "code": "cy.get('#username').type('UsrAdmin');\ncy.get('#password').type('UsrAdmin');\ncy.get('button[type=\"submit\"]').click();\ncy.get('.alert-danger').should('contain', 'Credenciales incorrectas'); // o el mensaje que uses",
              "err": {},
              "uuid": "0a4a852a-efa3-4a54-8c84-fab53fce894a",
              "parentUUID": "846c4d4e-fa94-414c-a205-f98bed6c2cfd",
              "isHook": false,
              "skipped": false
            }
          ],
          "suites": [],
          "passes": [
            "10de9796-6f67-48a9-9879-0171f7a01a2b",
            "4c87a13d-60fe-4105-bd63-4ecda6477dd6",
            "06a70ee2-63e6-4132-a8c4-601c6d11e19e",
            "0a4a852a-efa3-4a54-8c84-fab53fce894a"
          ],
          "failures": [
            "626b9daa-ba8d-41c0-96d6-9d94aa083ec4"
          ],
          "pending": [],
          "skipped": [],
          "duration": 8989,
          "root": false,
          "rootEmpty": false,
          "_timeout": 2000
        }
      ],
      "passes": [],
      "failures": [],
      "pending": [],
      "skipped": [],
      "duration": 0,
      "root": true,
      "rootEmpty": true,
      "_timeout": 2000
    }
  ],
  "meta": {
    "mocha": {
      "version": "7.2.0"
    },
    "mochawesome": {
      "options": {
        "quiet": false,
        "reportFilename": "mochawesome",
        "saveHtml": true,
        "saveJson": true,
        "consoleReporter": "spec",
        "useInlineDiffs": false,
        "code": true
      },
      "version": "7.1.3"
    },
    "marge": {
      "options": {
        "reportDir": "cypress/reports",
        "overwrite": false,
        "html": true,
        "json": true
      },
      "version": "6.2.0"
    }
  }
}