{
  "stats": {
    "suites": 1,
    "tests": 5,
    "passes": 4,
    "pending": 0,
    "failures": 1,
    "start": "2025-05-22T18:30:42.130Z",
    "end": "2025-05-22T18:30:51.404Z",
    "duration": 9274,
    "testsRegistered": 5,
    "passPercent": 80,
    "pendingPercent": 0,
    "other": 0,
    "hasOther": false,
    "skipped": 0,
    "hasSkipped": false
  },
  "results": [
    {
      "uuid": "4345c61a-1217-44a8-896b-e2cdaee0cd73",
      "title": "",
      "fullFile": "cypress\\e2e\\login.cy.ts",
      "file": "cypress\\e2e\\login.cy.ts",
      "beforeHooks": [],
      "afterHooks": [],
      "tests": [],
      "suites": [
        {
          "uuid": "737cc6c3-3ad2-4b81-9948-42ab37b44c20",
          "title": "Página de Inicio de Sesión",
          "fullFile": "",
          "file": "",
          "beforeHooks": [],
          "afterHooks": [],
          "tests": [
            {
              "title": "debería mostrar el formulario de login",
              "fullTitle": "Página de Inicio de Sesión debería mostrar el formulario de login",
              "timedOut": null,
              "duration": 1172,
              "state": "passed",
              "speed": "fast",
              "pass": true,
              "fail": false,
              "pending": false,
              "context": null,
              "code": "cy.get('h2').contains('Iniciar Sesión');\ncy.get('input#username').should('exist');\ncy.get('input#password').should('exist');\ncy.get('button[type=\"submit\"]').should('exist');",
              "err": {},
              "uuid": "d4e09c4c-b958-4c01-80cf-368cadeec182",
              "parentUUID": "737cc6c3-3ad2-4b81-9948-42ab37b44c20",
              "isHook": false,
              "skipped": false
            },
            {
              "title": "debería validar campos vacíos",
              "fullTitle": "Página de Inicio de Sesión debería validar campos vacíos",
              "timedOut": null,
              "duration": 4458,
              "state": "failed",
              "speed": null,
              "pass": false,
              "fail": true,
              "pending": false,
              "context": null,
              "code": "cy.get('button[type=\"submit\"]').click();\ncy.get('.text-danger').should('exist');",
              "err": {
                "message": "CypressError: Timed out retrying after 4050ms: `cy.click()` failed because this element is `disabled`:\n\n`<button _ngcontent-ng-c1888181801=\"\" type=\"submit\" class=\"btn btn-primary w-100 button\" disabled=\"\">Ingresar</button>`\n\nFix this problem, or use `{force: true}` to disable error checking.\n\nhttps://on.cypress.io/element-cannot-be-interacted-with",
                "estack": "CypressError: Timed out retrying after 4050ms: `cy.click()` failed because this element is `disabled`:\n\n`<button _ngcontent-ng-c1888181801=\"\" type=\"submit\" class=\"btn btn-primary w-100 button\" disabled=\"\">Ingresar</button>`\n\nFix this problem, or use `{force: true}` to disable error checking.\n\nhttps://on.cypress.io/element-cannot-be-interacted-with\n    at Object.isNotDisabled (http://localhost:4200/__cypress/runner/cypress_runner.js:146985:58)\n    at runAllChecks (http://localhost:4200/__cypress/runner/cypress_runner.js:113392:26)\n    at retryActionability (http://localhost:4200/__cypress/runner/cypress_runner.js:113481:16)\n    at tryCatcher (http://localhost:4200/__cypress/runner/cypress_runner.js:1777:23)\n    at Promise.attempt.Promise.try (http://localhost:4200/__cypress/runner/cypress_runner.js:4285:29)\n    at whenStable (http://localhost:4200/__cypress/runner/cypress_runner.js:145846:68)\n    at <unknown> (http://localhost:4200/__cypress/runner/cypress_runner.js:145787:14)\n    at tryCatcher (http://localhost:4200/__cypress/runner/cypress_runner.js:1777:23)\n    at Promise._settlePromiseFromHandler (http://localhost:4200/__cypress/runner/cypress_runner.js:1489:31)\n    at Promise._settlePromise (http://localhost:4200/__cypress/runner/cypress_runner.js:1546:18)\n    at Promise._settlePromise0 (http://localhost:4200/__cypress/runner/cypress_runner.js:1591:10)\n    at Promise._settlePromises (http://localhost:4200/__cypress/runner/cypress_runner.js:1671:18)\n    at Promise._fulfill (http://localhost:4200/__cypress/runner/cypress_runner.js:1615:18)\n    at <unknown> (http://localhost:4200/__cypress/runner/cypress_runner.js:5420:46)\nFrom Your Spec Code:\n    at Context.eval (webpack://cpp-frontend/./cypress/e2e/login.cy.ts:17:38)",
                "diff": null
              },
              "uuid": "2228db34-4630-466c-a74f-59b6b6931b6e",
              "parentUUID": "737cc6c3-3ad2-4b81-9948-42ab37b44c20",
              "isHook": false,
              "skipped": false
            },
            {
              "title": "debería hacer login exitoso con credenciales válidas",
              "fullTitle": "Página de Inicio de Sesión debería hacer login exitoso con credenciales válidas",
              "timedOut": null,
              "duration": 1453,
              "state": "passed",
              "speed": "fast",
              "pass": true,
              "fail": false,
              "pending": false,
              "context": null,
              "code": "cy.get('#username').type(usuarioValido);\ncy.get('#password').type(contrasenaValida);\ncy.get('button[type=\"submit\"]').click();\n// Cambia esto según la ruta a la que redirige tu login\ncy.url().should('include', '/inicio');",
              "err": {},
              "uuid": "42f1ef70-cb0c-4d6f-85de-dc81320f22a8",
              "parentUUID": "737cc6c3-3ad2-4b81-9948-42ab37b44c20",
              "isHook": false,
              "skipped": false
            },
            {
              "title": "debería mostrar mensaje de error con credenciales inválidas",
              "fullTitle": "Página de Inicio de Sesión debería mostrar mensaje de error con credenciales inválidas",
              "timedOut": null,
              "duration": 1095,
              "state": "passed",
              "speed": "fast",
              "pass": true,
              "fail": false,
              "pending": false,
              "context": null,
              "code": "cy.get('#username').type('incorrecto@test.com');\ncy.get('#password').type('wrongpassword');\ncy.get('button[type=\"submit\"]').click();\ncy.get('.alert-danger').should('contain', 'Usuario no encontrado'); // o el mensaje que uses",
              "err": {},
              "uuid": "bf6b942d-d149-4177-967d-5378f5694bf6",
              "parentUUID": "737cc6c3-3ad2-4b81-9948-42ab37b44c20",
              "isHook": false,
              "skipped": false
            },
            {
              "title": "debería mostrar mensaje de error con credenciales inválidas",
              "fullTitle": "Página de Inicio de Sesión debería mostrar mensaje de error con credenciales inválidas",
              "timedOut": null,
              "duration": 893,
              "state": "passed",
              "speed": "fast",
              "pass": true,
              "fail": false,
              "pending": false,
              "context": null,
              "code": "cy.get('#username').type('UsrAdmin');\ncy.get('#password').type('UsrAdmin');\ncy.get('button[type=\"submit\"]').click();\ncy.get('.alert-danger').should('contain', 'Credenciales incorrectas'); // o el mensaje que uses",
              "err": {},
              "uuid": "3b55251a-ba4f-4ba6-abc2-8eb25414b155",
              "parentUUID": "737cc6c3-3ad2-4b81-9948-42ab37b44c20",
              "isHook": false,
              "skipped": false
            }
          ],
          "suites": [],
          "passes": [
            "d4e09c4c-b958-4c01-80cf-368cadeec182",
            "42f1ef70-cb0c-4d6f-85de-dc81320f22a8",
            "bf6b942d-d149-4177-967d-5378f5694bf6",
            "3b55251a-ba4f-4ba6-abc2-8eb25414b155"
          ],
          "failures": [
            "2228db34-4630-466c-a74f-59b6b6931b6e"
          ],
          "pending": [],
          "skipped": [],
          "duration": 9071,
          "root": false,
          "rootEmpty": false,
          "_timeout": 2000
        }
      ],
      "passes": [],
      "failures": [],
      "pending": [],
      "skipped": [],
      "duration": 0,
      "root": true,
      "rootEmpty": true,
      "_timeout": 2000
    }
  ],
  "meta": {
    "mocha": {
      "version": "7.2.0"
    },
    "mochawesome": {
      "options": {
        "quiet": false,
        "reportFilename": "mochawesome",
        "saveHtml": true,
        "saveJson": true,
        "consoleReporter": "spec",
        "useInlineDiffs": false,
        "code": true
      },
      "version": "7.1.3"
    },
    "marge": {
      "options": {
        "reportDir": "cypress/reports",
        "overwrite": false,
        "html": true,
        "json": true
      },
      "version": "6.2.0"
    }
  }
}