{
  "stats": {
    "suites": 1,
    "tests": 5,
    "passes": 4,
    "pending": 0,
    "failures": 1,
    "start": "2025-05-22T18:34:51.152Z",
    "end": "2025-05-22T18:35:00.948Z",
    "duration": 9796,
    "testsRegistered": 5,
    "passPercent": 80,
    "pendingPercent": 0,
    "other": 0,
    "hasOther": false,
    "skipped": 0,
    "hasSkipped": false
  },
  "results": [
    {
      "uuid": "cfc2370b-b5d9-47c5-8e86-c0215969883b",
      "title": "",
      "fullFile": "cypress\\e2e\\login.cy.ts",
      "file": "cypress\\e2e\\login.cy.ts",
      "beforeHooks": [],
      "afterHooks": [],
      "tests": [],
      "suites": [
        {
          "uuid": "a7381ae9-d973-4f25-b1f4-7424a01600a0",
          "title": "Página de Inicio de Sesión",
          "fullFile": "",
          "file": "",
          "beforeHooks": [],
          "afterHooks": [],
          "tests": [
            {
              "title": "debería mostrar el formulario de login",
              "fullTitle": "Página de Inicio de Sesión debería mostrar el formulario de login",
              "timedOut": null,
              "duration": 1019,
              "state": "passed",
              "speed": "fast",
              "pass": true,
              "fail": false,
              "pending": false,
              "context": null,
              "code": "cy.get('h2').contains('Iniciar Sesión');\ncy.get('input#username').should('exist');\ncy.get('input#password').should('exist');\ncy.get('button[type=\"submit\"]').should('exist');",
              "err": {},
              "uuid": "49292d87-d668-47ad-b08f-a572c2439281",
              "parentUUID": "a7381ae9-d973-4f25-b1f4-7424a01600a0",
              "isHook": false,
              "skipped": false
            },
            {
              "title": "debería validar campos vacíos",
              "fullTitle": "Página de Inicio de Sesión debería validar campos vacíos",
              "timedOut": null,
              "duration": 4516,
              "state": "failed",
              "speed": null,
              "pass": false,
              "fail": true,
              "pending": false,
              "context": null,
              "code": "cy.get('button[type=\"submit\"]').click();\ncy.get('.text-danger').should('exist');",
              "err": {
                "message": "CypressError: Timed out retrying after 4050ms: `cy.click()` failed because this element is `disabled`:\n\n`<button _ngcontent-ng-c1888181801=\"\" type=\"submit\" class=\"btn btn-primary w-100 button\" disabled=\"\">Ingresar</button>`\n\nFix this problem, or use `{force: true}` to disable error checking.\n\nhttps://on.cypress.io/element-cannot-be-interacted-with",
                "estack": "CypressError: Timed out retrying after 4050ms: `cy.click()` failed because this element is `disabled`:\n\n`<button _ngcontent-ng-c1888181801=\"\" type=\"submit\" class=\"btn btn-primary w-100 button\" disabled=\"\">Ingresar</button>`\n\nFix this problem, or use `{force: true}` to disable error checking.\n\nhttps://on.cypress.io/element-cannot-be-interacted-with\n    at Object.isNotDisabled (http://localhost:4200/__cypress/runner/cypress_runner.js:146985:58)\n    at runAllChecks (http://localhost:4200/__cypress/runner/cypress_runner.js:113392:26)\n    at retryActionability (http://localhost:4200/__cypress/runner/cypress_runner.js:113481:16)\n    at tryCatcher (http://localhost:4200/__cypress/runner/cypress_runner.js:1777:23)\n    at Promise.attempt.Promise.try (http://localhost:4200/__cypress/runner/cypress_runner.js:4285:29)\n    at whenStable (http://localhost:4200/__cypress/runner/cypress_runner.js:145846:68)\n    at <unknown> (http://localhost:4200/__cypress/runner/cypress_runner.js:145787:14)\n    at tryCatcher (http://localhost:4200/__cypress/runner/cypress_runner.js:1777:23)\n    at Promise._settlePromiseFromHandler (http://localhost:4200/__cypress/runner/cypress_runner.js:1489:31)\n    at Promise._settlePromise (http://localhost:4200/__cypress/runner/cypress_runner.js:1546:18)\n    at Promise._settlePromise0 (http://localhost:4200/__cypress/runner/cypress_runner.js:1591:10)\n    at Promise._settlePromises (http://localhost:4200/__cypress/runner/cypress_runner.js:1671:18)\n    at Promise._fulfill (http://localhost:4200/__cypress/runner/cypress_runner.js:1615:18)\n    at <unknown> (http://localhost:4200/__cypress/runner/cypress_runner.js:5420:46)\nFrom Your Spec Code:\n    at Context.eval (webpack://cpp-frontend/./cypress/e2e/login.cy.ts:17:38)",
                "diff": null
              },
              "uuid": "a3820b1c-141d-4c5c-9461-2cf6fa6df199",
              "parentUUID": "a7381ae9-d973-4f25-b1f4-7424a01600a0",
              "isHook": false,
              "skipped": false
            },
            {
              "title": "debería hacer login exitoso con credenciales válidas",
              "fullTitle": "Página de Inicio de Sesión debería hacer login exitoso con credenciales válidas",
              "timedOut": null,
              "duration": 1520,
              "state": "passed",
              "speed": "fast",
              "pass": true,
              "fail": false,
              "pending": false,
              "context": null,
              "code": "cy.get('#username').type(usuarioValido);\ncy.get('#password').type(contrasenaValida);\ncy.get('button[type=\"submit\"]').click();\n// Cambia esto según la ruta a la que redirige tu login\ncy.url().should('include', '/inicio');",
              "err": {},
              "uuid": "c73b34d7-b082-46a0-9710-b1a27e8faff8",
              "parentUUID": "a7381ae9-d973-4f25-b1f4-7424a01600a0",
              "isHook": false,
              "skipped": false
            },
            {
              "title": "debería mostrar mensaje de error con credenciales inválidas",
              "fullTitle": "Página de Inicio de Sesión debería mostrar mensaje de error con credenciales inválidas",
              "timedOut": null,
              "duration": 1396,
              "state": "passed",
              "speed": "fast",
              "pass": true,
              "fail": false,
              "pending": false,
              "context": null,
              "code": "cy.get('#username').type('incorrecto@test.com');\ncy.get('#password').type('wrongpassword');\ncy.get('button[type=\"submit\"]').click();\ncy.get('.alert-danger').should('contain', 'Usuario no encontrado'); // o el mensaje que uses",
              "err": {},
              "uuid": "866545b7-9975-4e27-80e0-247e0059cfe5",
              "parentUUID": "a7381ae9-d973-4f25-b1f4-7424a01600a0",
              "isHook": false,
              "skipped": false
            },
            {
              "title": "debería mostrar mensaje de error con credenciales inválidas",
              "fullTitle": "Página de Inicio de Sesión debería mostrar mensaje de error con credenciales inválidas",
              "timedOut": null,
              "duration": 1164,
              "state": "passed",
              "speed": "fast",
              "pass": true,
              "fail": false,
              "pending": false,
              "context": null,
              "code": "cy.get('#username').type('UsrAdmin');\ncy.get('#password').type('UsrAdmin');\ncy.get('button[type=\"submit\"]').click();\ncy.get('.alert-danger').should('contain', 'Credenciales incorrectas'); // o el mensaje que uses",
              "err": {},
              "uuid": "3483fd9f-89e2-4a19-8811-03f3fdbacd18",
              "parentUUID": "a7381ae9-d973-4f25-b1f4-7424a01600a0",
              "isHook": false,
              "skipped": false
            }
          ],
          "suites": [],
          "passes": [
            "49292d87-d668-47ad-b08f-a572c2439281",
            "c73b34d7-b082-46a0-9710-b1a27e8faff8",
            "866545b7-9975-4e27-80e0-247e0059cfe5",
            "3483fd9f-89e2-4a19-8811-03f3fdbacd18"
          ],
          "failures": [
            "a3820b1c-141d-4c5c-9461-2cf6fa6df199"
          ],
          "pending": [],
          "skipped": [],
          "duration": 9615,
          "root": false,
          "rootEmpty": false,
          "_timeout": 2000
        }
      ],
      "passes": [],
      "failures": [],
      "pending": [],
      "skipped": [],
      "duration": 0,
      "root": true,
      "rootEmpty": true,
      "_timeout": 2000
    }
  ],
  "meta": {
    "mocha": {
      "version": "7.2.0"
    },
    "mochawesome": {
      "options": {
        "quiet": false,
        "reportFilename": "mochawesome",
        "saveHtml": true,
        "saveJson": true,
        "consoleReporter": "spec",
        "useInlineDiffs": false,
        "code": true
      },
      "version": "7.1.3"
    },
    "marge": {
      "options": {
        "reportDir": "cypress/reports",
        "overwrite": false,
        "html": true,
        "json": true
      },
      "version": "6.2.0"
    }
  }
}