{
  "stats": {
    "suites": 1,
    "tests": 4,
    "passes": 4,
    "pending": 0,
    "failures": 0,
    "start": "2025-05-22T18:35:02.745Z",
    "end": "2025-05-22T18:35:48.280Z",
    "duration": 45535,
    "testsRegistered": 4,
    "passPercent": 100,
    "pendingPercent": 0,
    "other": 0,
    "hasOther": false,
    "skipped": 0,
    "hasSkipped": false
  },
  "results": [
    {
      "uuid": "157272dd-3d51-42c8-8c3e-173310ac344a",
      "title": "",
      "fullFile": "cypress\\e2e\\vendedores.cy.ts",
      "file": "cypress\\e2e\\vendedores.cy.ts",
      "beforeHooks": [],
      "afterHooks": [],
      "tests": [],
      "suites": [
        {
          "uuid": "29721fd4-4750-4a70-8b18-37f050025222",
          "title": "Formulario de Registro de Vendedores",
          "fullFile": "",
          "file": "",
          "beforeHooks": [],
          "afterHooks": [],
          "tests": [
            {
              "title": "Debe mostrar el título de Registro de Vendedores",
              "fullTitle": "Formulario de Registro de Vendedores Debe mostrar el título de Registro de Vendedores",
              "timedOut": null,
              "duration": 6940,
              "state": "passed",
              "speed": "medium",
              "pass": true,
              "fail": false,
              "pending": false,
              "context": null,
              "code": "cy.get('.carga-productos')\n    .should('exist') // Verifica que existe\n    .and('contain.text', 'Registro de Vendedores'); // Verifica el contenido",
              "err": {},
              "uuid": "c4516cc0-1129-420f-8ca4-cc863cae82ae",
              "parentUUID": "29721fd4-4750-4a70-8b18-37f050025222",
              "isHook": false,
              "skipped": false
            },
            {
              "title": "Debe mostrar errores al intentar registrar con campos vacíos",
              "fullTitle": "Formulario de Registro de Vendedores Debe mostrar errores al intentar registrar con campos vacíos",
              "timedOut": null,
              "duration": 9637,
              "state": "passed",
              "speed": "medium",
              "pass": true,
              "fail": false,
              "pending": false,
              "context": null,
              "code": "cy.get('select[name=\"Ciudad\"]').select(1);\ncy.wait(1000);\ncy.get('select[name=\"idZona\"]').select(1);\ncy.wait(1000);\ncy.get('button[name=\"registrar\"]').click();\ncy.contains('El campo Nombre es obligatorio').should('exist');",
              "err": {},
              "uuid": "96469149-aa62-43a8-a450-3d23dc81ad39",
              "parentUUID": "29721fd4-4750-4a70-8b18-37f050025222",
              "isHook": false,
              "skipped": false
            },
            {
              "title": "Debe permitir registrar un vendedor correctamente (mock)",
              "fullTitle": "Formulario de Registro de Vendedores Debe permitir registrar un vendedor correctamente (mock)",
              "timedOut": null,
              "duration": 15139,
              "state": "passed",
              "speed": "slow",
              "pass": true,
              "fail": false,
              "pending": false,
              "context": null,
              "code": "// Llenar el formulario\ncy.get('input[placeholder=\"Nombre\"]').type('Juanass');\ncy.get('input[placeholder=\"Apellido\"]').type('Pérez');\ncy.wait(500);\ncy.get('select[name=\"idTipoDocumento\"]').select(\"1\");\ncy.wait(500); // Reemplaza según valor real\ncy.get('input[placeholder=\"Número de Documento\"]').type('12345678');\ncy.get('input[placeholder=\"correo@dominio.com\"]').type('juan.perezass@example.com');\ncy.wait(500);\n// País y ciudad (requieren esperar por carga de datos desde el servidor)\ncy.get('select[name=\"idPais\"]', { timeout: 10000 }).should('exist').select(\"Colombia\"); // Reemplaza ID según valor válido\ncy.wait(500); // Esperar por carga del indicativo\ncy.get('select[name=\"Ciudad\"]').select(1);\ncy.wait(1000);\ncy.get('select[name=\"idZona\"]').select(1);\ncy.wait(1000);\ncy.get('input[placeholder=\"123-456-4567\"]').type('312-123-4567');\ncy.get('input[placeholder=\"Dirección\"]').type('Calle Falsa 123');\ncy.get('input[name=\"contrasena\"]').type('123456');\n// Asegúrate que existan opciones cargadas\n// Enviar formulario\ncy.wait(1000);\ncy.get('button[name=\"registrar\"]').click();\ncy.wait(1000);\n// Esperar a la respuesta mock y validar mensaje\ncy.contains('Vendedor guardado correctamente.').should('exist');",
              "err": {},
              "uuid": "2a90f5c0-9b61-4425-8131-d361e5847bc0",
              "parentUUID": "29721fd4-4750-4a70-8b18-37f050025222",
              "isHook": false,
              "skipped": false
            },
            {
              "title": "Debe mostrar errores del backend si los hay",
              "fullTitle": "Formulario de Registro de Vendedores Debe mostrar errores del backend si los hay",
              "timedOut": null,
              "duration": 13622,
              "state": "passed",
              "speed": "slow",
              "pass": true,
              "fail": false,
              "pending": false,
              "context": null,
              "code": "cy.intercept('POST', '**/vendedores', {\n    statusCode: 400,\n    body: {\n        errors: {\n            nombre: ['El nombre ya existe'],\n            correo: ['El correo no es válido'],\n        }\n    }\n}).as('guardarError');\ncy.get('input[placeholder=\"Nombre\"]').type('Juan');\ncy.get('input[placeholder=\"Apellido\"]').type('Pérez');\ncy.get('select[name=\"idTipoDocumento\"]').select(1);\ncy.get('input[placeholder=\"Número de Documento\"]').type('12345678');\ncy.get('select[name=\"Ciudad\"]').select(1);\ncy.wait(1000);\ncy.get('select[name=\"idZona\"]').select(1);\ncy.get('input[placeholder=\"correo@dominio.com\"]').type('correoInvalido');\ncy.get('select[name=\"idPais\"]').select(\"1\");\ncy.wait(1000);\ncy.get('input[placeholder=\"123-456-4567\"]').type('312-123-4567');\ncy.get('input[placeholder=\"Dirección\"]').type('Calle Falsa 123');\ncy.get('input[name=\"contrasena\"]').type('123456');\ncy.wait(1000);\ncy.get('button[name=\"registrar\"]').click();\ncy.wait(1000);\ncy.contains('El formato del correo no es válido').should('exist');",
              "err": {},
              "uuid": "e7efb519-5e40-499d-bbc0-fcd818de070d",
              "parentUUID": "29721fd4-4750-4a70-8b18-37f050025222",
              "isHook": false,
              "skipped": false
            }
          ],
          "suites": [],
          "passes": [
            "c4516cc0-1129-420f-8ca4-cc863cae82ae",
            "96469149-aa62-43a8-a450-3d23dc81ad39",
            "2a90f5c0-9b61-4425-8131-d361e5847bc0",
            "e7efb519-5e40-499d-bbc0-fcd818de070d"
          ],
          "failures": [],
          "pending": [],
          "skipped": [],
          "duration": 45338,
          "root": false,
          "rootEmpty": false,
          "_timeout": 2000
        }
      ],
      "passes": [],
      "failures": [],
      "pending": [],
      "skipped": [],
      "duration": 0,
      "root": true,
      "rootEmpty": true,
      "_timeout": 2000
    }
  ],
  "meta": {
    "mocha": {
      "version": "7.2.0"
    },
    "mochawesome": {
      "options": {
        "quiet": false,
        "reportFilename": "mochawesome",
        "saveHtml": true,
        "saveJson": true,
        "consoleReporter": "spec",
        "useInlineDiffs": false,
        "code": true
      },
      "version": "7.1.3"
    },
    "marge": {
      "options": {
        "reportDir": "cypress/reports",
        "overwrite": false,
        "html": true,
        "json": true
      },
      "version": "6.2.0"
    }
  }
}