{
  "stats": {
    "suites": 1,
    "tests": 3,
    "passes": 3,
    "pending": 0,
    "failures": 0,
    "start": "2025-05-22T18:30:33.068Z",
    "end": "2025-05-22T18:30:40.081Z",
    "duration": 7013,
    "testsRegistered": 3,
    "passPercent": 100,
    "pendingPercent": 0,
    "other": 0,
    "hasOther": false,
    "skipped": 0,
    "hasSkipped": false
  },
  "results": [
    {
      "uuid": "3f0291f3-0d53-4c03-bd53-4a4f737b635a",
      "title": "",
      "fullFile": "cypress\\e2e\\confidencialidad.cy.ts",
      "file": "cypress\\e2e\\confidencialidad.cy.ts",
      "beforeHooks": [],
      "afterHooks": [],
      "tests": [],
      "suites": [
        {
          "uuid": "b60edc54-a4c9-41c7-bcbe-f1b9122d68c9",
          "title": "Confidencialidad - Acceso a rutas protegidas",
          "fullFile": "",
          "file": "",
          "beforeHooks": [],
          "afterHooks": [],
          "tests": [
            {
              "title": "no debería permitir acceso a /auditar sin token",
              "fullTitle": "Confidencialidad - Acceso a rutas protegidas no debería permitir acceso a /auditar sin token",
              "timedOut": null,
              "duration": 3144,
              "state": "passed",
              "speed": "fast",
              "pass": true,
              "fail": false,
              "pending": false,
              "context": null,
              "code": "cy.clearLocalStorage();\ncy.visit('/inicio');\ncy.wait(1000);\ncy.url().should('include', '/login');",
              "err": {},
              "uuid": "5e071f76-a64a-48c0-9e42-1d3fbdeafa86",
              "parentUUID": "b60edc54-a4c9-41c7-bcbe-f1b9122d68c9",
              "isHook": false,
              "skipped": false
            },
            {
              "title": "debería permitir acceso a /inicio con token válido",
              "fullTitle": "Confidencialidad - Acceso a rutas protegidas debería permitir acceso a /inicio con token válido",
              "timedOut": null,
              "duration": 2764,
              "state": "passed",
              "speed": "fast",
              "pass": true,
              "fail": false,
              "pending": false,
              "context": null,
              "code": "cy.visit('/login');\n// Simula login\ncy.get('#username').type('UsrAdmin');\ncy.get('#password').type('UsrAdmin123');\ncy.get('button[type=\"submit\"]').click();\n// Asumimos que redirige a /auditar después del login exitoso\ncy.url().should('include', '/inicio');\ncy.wait(1000);\ncy.contains('Registrar Fabricantes').should('exist');",
              "err": {},
              "uuid": "34e74b90-eeca-4694-b6ad-738c4e27c31f",
              "parentUUID": "b60edc54-a4c9-41c7-bcbe-f1b9122d68c9",
              "isHook": false,
              "skipped": false
            },
            {
              "title": "debería limpiar el token al cerrar sesión",
              "fullTitle": "Confidencialidad - Acceso a rutas protegidas debería limpiar el token al cerrar sesión",
              "timedOut": null,
              "duration": 991,
              "state": "passed",
              "speed": "fast",
              "pass": true,
              "fail": false,
              "pending": false,
              "context": null,
              "code": "// Simulamos que ya hay un token\ncy.visit('/login');\n// Simula login\ncy.get('#username').type('UsrAdmin');\ncy.get('#password').type('UsrAdmin123');\ncy.get('button[type=\"submit\"]').click();\ncy.url().should('include', '/inicio');\n// Simula acción de cerrar sesión\ncy.get('[data-cy=logout-button]').click();\n// Verifica que fue redirigido al login\ncy.url().should('include', '/login');\n// Verifica que no hay token\ncy.window().then((win) => {\n    expect(win.localStorage.getItem('token')).to.be.null;\n});",
              "err": {},
              "uuid": "a58970df-deb3-4693-8c7e-319ce2a826a3",
              "parentUUID": "b60edc54-a4c9-41c7-bcbe-f1b9122d68c9",
              "isHook": false,
              "skipped": false
            }
          ],
          "suites": [],
          "passes": [
            "5e071f76-a64a-48c0-9e42-1d3fbdeafa86",
            "34e74b90-eeca-4694-b6ad-738c4e27c31f",
            "a58970df-deb3-4693-8c7e-319ce2a826a3"
          ],
          "failures": [],
          "pending": [],
          "skipped": [],
          "duration": 6899,
          "root": false,
          "rootEmpty": false,
          "_timeout": 2000
        }
      ],
      "passes": [],
      "failures": [],
      "pending": [],
      "skipped": [],
      "duration": 0,
      "root": true,
      "rootEmpty": true,
      "_timeout": 2000
    }
  ],
  "meta": {
    "mocha": {
      "version": "7.2.0"
    },
    "mochawesome": {
      "options": {
        "quiet": false,
        "reportFilename": "mochawesome",
        "saveHtml": true,
        "saveJson": true,
        "consoleReporter": "spec",
        "useInlineDiffs": false,
        "code": true
      },
      "version": "7.1.3"
    },
    "marge": {
      "options": {
        "reportDir": "cypress/reports",
        "overwrite": false,
        "html": true,
        "json": true
      },
      "version": "6.2.0"
    }
  }
}